<?xml version="1.0" encoding="UTF-8"?>
<testsuite xmlns:xsi="http://www.w3.org/2001/XMLSchema-instance" xsi:noNamespaceSchemaLocation="https://maven.apache.org/surefire/maven-surefire-plugin/xsd/surefire-test-report.xsd" version="3.0.2" name="com.bellevue.bookclub.service.impl.MongoWishlistDaoTest" time="0.025" tests="5" errors="0" skipped="0" failures="0">
  <properties>
[...]
</properties>
  <testcase name="testListWishlistItems" classname="com.bellevue.bookclub.service.impl.MongoWishlistDaoTest" time="0.003"/>
  <testcase name="testUpdateWithId" classname="com.bellevue.bookclub.service.impl.MongoWishlistDaoTest" time="0.008">
    <system-out><![CDATA[entity.getId()--1
]]></system-out>
  </testcase>
  <testcase name="testUpdateWithoutIdThrows" classname="com.bellevue.bookclub.service.impl.MongoWishlistDaoTest" time="0.004"/>
  <testcase name="testRemoveWishlistItem" classname="com.bellevue.bookclub.service.impl.MongoWishlistDaoTest" time="0.004"/>
  <testcase name="testAddWishlistItem" classname="com.bellevue.bookclub.service.impl.MongoWishlistDaoTest" time="0.003"/>
</testsuite>